<?xml version="1.0" encoding="UTF-8"?>
<!-- Generated by org.testng.reporters.JUnitXMLReporter -->
<testsuite ignored="0" hostname="DESKTOP-IL64O1R" failures="0" tests="6" name="class" time="11.561" errors="0" timestamp="2023-02-03T18:18:50 IST">
  <testcase classname="Testng.LoginData" name="@BeforeMethod lanuchbrowser" time="11.01">
    <failure type="org.openqa.selenium.SessionNotCreatedException" message="Could not start a new session. Possible causes are invalid address of the remote server or browser start-up failure. 
Host info: host: &amp;apos;DESKTOP-IL64O1R&amp;apos;, ip: &amp;apos;192.168.55.104&amp;apos;
Build info: version: &amp;apos;4.8.0&amp;apos;, revision: &amp;apos;267030adea&amp;apos;
System info: os.name: &amp;apos;Windows 10&amp;apos;, os.arch: &amp;apos;amd64&amp;apos;, os.version: &amp;apos;10.0&amp;apos;, java.version: &amp;apos;17.0.3&amp;apos;
Driver info: org.openqa.selenium.edge.EdgeDriver
Command: [null, newSession {capabilities=[Capabilities {browserName: MicrosoftEdge, ms:edgeOptions: {args: [], extensions: []}}], desiredCapabilities=Capabilities {browserName: MicrosoftEdge, ms:edgeOptions: {args: [], extensions: []}}}]">
      <![CDATA[org.openqa.selenium.SessionNotCreatedException: Could not start a new session. Possible causes are invalid address of the remote server or browser start-up failure. 
Host info: host: 'DESKTOP-IL64O1R', ip: '192.168.55.104'
Build info: version: '4.8.0', revision: '267030adea'
System info: os.name: 'Windows 10', os.arch: 'amd64', os.version: '10.0', java.version: '17.0.3'
Driver info: org.openqa.selenium.edge.EdgeDriver
Command: [null, newSession {capabilities=[Capabilities {browserName: MicrosoftEdge, ms:edgeOptions: {args: [], extensions: []}}], desiredCapabilities=Capabilities {browserName: MicrosoftEdge, ms:edgeOptions: {args: [], extensions: []}}}]
at org.openqa.selenium.remote.RemoteWebDriver.execute(RemoteWebDriver.java:561)
at org.openqa.selenium.remote.RemoteWebDriver.startSession(RemoteWebDriver.java:229)
at org.openqa.selenium.remote.RemoteWebDriver.<init>(RemoteWebDriver.java:157)
at org.openqa.selenium.chromium.ChromiumDriver.<init>(ChromiumDriver.java:101)
at org.openqa.selenium.edge.EdgeDriver.<init>(EdgeDriver.java:54)
at org.openqa.selenium.edge.EdgeDriver.<init>(EdgeDriver.java:46)
at org.openqa.selenium.edge.EdgeDriver.<init>(EdgeDriver.java:42)
at Testng.LoginData.lanuchbrowser(LoginData.java:24)
at java.base/java.util.ArrayList.forEach(ArrayList.java:1511)
Caused by: java.lang.NoSuchMethodError: 'com.google.common.collect.ImmutableMap com.google.common.collect.ImmutableMap.of(java.lang.Object, java.lang.Object, java.lang.Object, java.lang.Object, java.lang.Object, java.lang.Object, java.lang.Object, java.lang.Object, java.lang.Object, java.lang.Object, java.lang.Object, java.lang.Object)'
at org.openqa.selenium.chrome.AddHasCasting.getAdditionalCommands(AddHasCasting.java:38)
at org.openqa.selenium.remote.Dialect.lambda$bindAdditionalCommands$1(Dialect.java:80)
at java.base/java.lang.Iterable.forEach(Iterable.java:75)
at org.openqa.selenium.remote.Dialect.bindAdditionalCommands(Dialect.java:79)
at org.openqa.selenium.remote.Dialect.access$100(Dialect.java:29)
at org.openqa.selenium.remote.Dialect$2.getCommandCodec(Dialect.java:54)
at org.openqa.selenium.remote.HttpCommandExecutor.execute(HttpCommandExecutor.java:158)
at org.openqa.selenium.remote.service.DriverCommandExecutor.invokeExecute(DriverCommandExecutor.java:167)
at org.openqa.selenium.remote.service.DriverCommandExecutor.execute(DriverCommandExecutor.java:142)
at org.openqa.selenium.remote.RemoteWebDriver.execute(RemoteWebDriver.java:543)
... 39 more
... Removed 31 stack frames]]>
    </failure>
  </testcase> <!-- @BeforeMethod lanuchbrowser -->
  <testcase classname="Testng.LoginData" name="@AfterMethod closeBrowser" time="0.0">
    <skipped/>
  </testcase> <!-- @AfterMethod closeBrowser -->
  <testcase classname="Testng.LoginData" name="@BeforeMethod lanuchbrowser" time="0.0">
    <skipped/>
  </testcase> <!-- @BeforeMethod lanuchbrowser -->
  <testcase classname="Testng.LoginData" name="@AfterMethod closeBrowser" time="0.0">
    <skipped/>
  </testcase> <!-- @AfterMethod closeBrowser -->
  <testcase classname="Testng.LoginData" name="@BeforeMethod lanuchbrowser" time="0.0">
    <skipped/>
  </testcase> <!-- @BeforeMethod lanuchbrowser -->
  <testcase classname="Testng.LoginData" name="@AfterMethod closeBrowser" time="0.0">
    <skipped/>
  </testcase> <!-- @AfterMethod closeBrowser -->
  <testcase classname="Testng.LoginData" name="@BeforeMethod lanuchbrowser" time="0.0">
    <skipped/>
  </testcase> <!-- @BeforeMethod lanuchbrowser -->
  <testcase classname="Testng.LoginData" name="@AfterMethod closeBrowser" time="0.0">
    <skipped/>
  </testcase> <!-- @AfterMethod closeBrowser -->
  <testcase classname="Testng.LoginData" name="@BeforeMethod lanuchbrowser" time="0.0">
    <skipped/>
  </testcase> <!-- @BeforeMethod lanuchbrowser -->
  <testcase classname="Testng.LoginData" name="@AfterMethod closeBrowser" time="0.0">
    <skipped/>
  </testcase> <!-- @AfterMethod closeBrowser -->
  <testcase classname="Testng.LoginData" name="@BeforeMethod lanuchbrowser" time="0.0">
    <skipped/>
  </testcase> <!-- @BeforeMethod lanuchbrowser -->
  <testcase classname="Testng.LoginData" name="@AfterMethod closeBrowser" time="0.0">
    <skipped/>
  </testcase> <!-- @AfterMethod closeBrowser -->
  <testcase classname="Testng.LoginData" name="login" time="0.0">
    <skipped/>
  </testcase> <!-- login -->
  <testcase classname="Testng.LoginData" name="login" time="0.0">
    <skipped/>
  </testcase> <!-- login -->
  <testcase classname="Testng.LoginData" name="login" time="0.001">
    <skipped/>
  </testcase> <!-- login -->
  <testcase classname="Testng.LoginData" name="login" time="0.0">
    <skipped/>
  </testcase> <!-- login -->
  <testcase classname="Testng.LoginData" name="login" time="0.0">
    <skipped/>
  </testcase> <!-- login -->
  <testcase classname="Testng.LoginData" name="login" time="0.0">
    <skipped/>
  </testcase> <!-- login -->
</testsuite> <!-- class -->
